<?xml version="1.0" encoding="UTF-8"?>
<testsuite xmlns:xsi="http://www.w3.org/2001/XMLSchema-instance" xsi:noNamespaceSchemaLocation="https://maven.apache.org/surefire/maven-surefire-plugin/xsd/surefire-test-report.xsd" version="3.0.2" name="mx.att.digital.api.model.enums.ResultCodeTest" time="0.032" tests="8" errors="0" skipped="0" failures="0">
  <properties>
[...]
</properties>
  <testcase name="testFromCode_allEnumValuesChecked" classname="mx.att.digital.api.model.enums.ResultCodeTest" time="0.002"/>
  <testcase name="testFromMessage_caseInsensitive_shouldReturnEnum" classname="mx.att.digital.api.model.enums.ResultCodeTest" time="0.002"/>
  <testcase name="testGetters_shouldReturnExpectedValues" classname="mx.att.digital.api.model.enums.ResultCodeTest" time="0.002"/>
  <testcase name="testFromMessage_invalidMessage_shouldThrowException" classname="mx.att.digital.api.model.enums.ResultCodeTest" time="0.005"/>
  <testcase name="testFromMessage_allEnumValuesChecked" classname="mx.att.digital.api.model.enums.ResultCodeTest" time="0.003"/>
  <testcase name="testFromCode_invalidCode_shouldThrowException" classname="mx.att.digital.api.model.enums.ResultCodeTest" time="0.007"/>
  <testcase name="testFromMessage_validMessages_shouldReturnEnum" classname="mx.att.digital.api.model.enums.ResultCodeTest" time="0.002"/>
  <testcase name="testFromCode_validCodes_shouldReturnEnum" classname="mx.att.digital.api.model.enums.ResultCodeTest" time="0.001"/>
</testsuite>